This file contains any messages produced by compilers while
running configure, to aid debugging if configure makes a mistake.

It was created by superswitcher configure 0.3, which was
generated by GNU Autoconf 2.59.  Invocation command line was

  $ ./configure --enable-maintainer-mode --prefix=/usr

## --------- ##
## Platform. ##
## --------- ##

hostname = monolith
uname -m = i686
uname -r = 2.6.15-26-386
uname -s = Linux
uname -v = #1 PREEMPT Thu Aug 3 02:52:00 UTC 2006

/usr/bin/uname -p = unknown
/bin/uname -X     = unknown

/bin/arch              = i686
/usr/bin/arch -k       = unknown
/usr/convex/getsysinfo = unknown
hostinfo               = unknown
/bin/machine           = unknown
/usr/bin/oslevel       = unknown
/bin/universe          = unknown

PATH: /usr/local/sbin
PATH: /usr/local/bin
PATH: /usr/sbin
PATH: /usr/bin
PATH: /sbin
PATH: /bin
PATH: /usr/bin/X11
PATH: /usr/games


## ----------- ##
## Core tests. ##
## ----------- ##

configure:1384: checking for a BSD-compatible install
configure:1439: result: /usr/bin/install -c
configure:1450: checking whether build environment is sane
configure:1493: result: yes
configure:1558: checking for gawk
configure:1587: result: no
configure:1558: checking for mawk
configure:1574: found /usr/bin/mawk
configure:1584: result: mawk
configure:1594: checking whether make sets $(MAKE)
configure:1614: result: yes
configure:1795: checking whether to enable maintainer-specific portions of Makefiles
configure:1804: result: yes
configure:1832: checking for style of include used by make
configure:1860: result: GNU
configure:1931: checking for gcc
configure:1947: found /usr/bin/gcc
configure:1957: result: gcc
configure:2201: checking for C compiler version
configure:2204: gcc --version </dev/null >&5
gcc (GCC) 4.0.3 (Ubuntu 4.0.3-1ubuntu5)
Copyright (C) 2006 Free Software Foundation, Inc.
This is free software; see the source for copying conditions.  There is NO
warranty; not even for MERCHANTABILITY or FITNESS FOR A PARTICULAR PURPOSE.

configure:2207: $? = 0
configure:2209: gcc -v </dev/null >&5
Using built-in specs.
Target: i486-linux-gnu
Configured with: ../src/configure -v --enable-languages=c,c++,java,f95,objc,ada,treelang --prefix=/usr --enable-shared --with-system-zlib --libexecdir=/usr/lib --without-included-gettext --enable-threads=posix --enable-nls --program-suffix=-4.0 --enable-__cxa_atexit --enable-clocale=gnu --enable-libstdcxx-debug --enable-java-awt=gtk-default --enable-gtk-cairo --with-java-home=/usr/lib/jvm/java-1.4.2-gcj-4.0-1.4.2.0/jre --enable-mpfr --disable-werror --with-tune=pentium4 --enable-checking=release i486-linux-gnu
Thread model: posix
gcc version 4.0.3 (Ubuntu 4.0.3-1ubuntu5)
configure:2212: $? = 0
configure:2214: gcc -V </dev/null >&5
gcc: '-V' option must have argument
configure:2217: $? = 1
configure:2240: checking for C compiler default output file name
configure:2243: gcc    conftest.c  >&5
configure:2246: $? = 0
configure:2292: result: a.out
configure:2297: checking whether the C compiler works
configure:2303: ./a.out
configure:2306: $? = 0
configure:2323: result: yes
configure:2330: checking whether we are cross compiling
configure:2332: result: no
configure:2335: checking for suffix of executables
configure:2337: gcc -o conftest    conftest.c  >&5
configure:2340: $? = 0
configure:2365: result: 
configure:2371: checking for suffix of object files
configure:2392: gcc -c   conftest.c >&5
configure:2395: $? = 0
configure:2417: result: o
configure:2421: checking whether we are using the GNU C compiler
configure:2445: gcc -c   conftest.c >&5
configure:2451: $? = 0
configure:2454: test -z 			 || test ! -s conftest.err
configure:2457: $? = 0
configure:2460: test -s conftest.o
configure:2463: $? = 0
configure:2476: result: yes
configure:2482: checking whether gcc accepts -g
configure:2503: gcc -c -g  conftest.c >&5
configure:2509: $? = 0
configure:2512: test -z 			 || test ! -s conftest.err
configure:2515: $? = 0
configure:2518: test -s conftest.o
configure:2521: $? = 0
configure:2532: result: yes
configure:2549: checking for gcc option to accept ANSI C
configure:2619: gcc  -c -g -O2  conftest.c >&5
configure:2625: $? = 0
configure:2628: test -z 			 || test ! -s conftest.err
configure:2631: $? = 0
configure:2634: test -s conftest.o
configure:2637: $? = 0
configure:2655: result: none needed
configure:2673: gcc -c -g -O2  conftest.c >&5
conftest.c:2: error: syntax error before 'me'
configure:2679: $? = 1
configure: failed program was:
| #ifndef __cplusplus
|   choke me
| #endif
configure:2811: checking dependency style of gcc
configure:2901: result: gcc3
configure:2919: checking for library containing strerror
configure:2949: gcc -o conftest -g -O2   conftest.c  >&5
configure:2955: $? = 0
configure:2958: test -z 			 || test ! -s conftest.err
configure:2961: $? = 0
configure:2964: test -s conftest
configure:2967: $? = 0
configure:3036: result: none required
configure:3089: checking for gcc
configure:3115: result: gcc
configure:3359: checking for C compiler version
configure:3362: gcc --version </dev/null >&5
gcc (GCC) 4.0.3 (Ubuntu 4.0.3-1ubuntu5)
Copyright (C) 2006 Free Software Foundation, Inc.
This is free software; see the source for copying conditions.  There is NO
warranty; not even for MERCHANTABILITY or FITNESS FOR A PARTICULAR PURPOSE.

configure:3365: $? = 0
configure:3367: gcc -v </dev/null >&5
Using built-in specs.
Target: i486-linux-gnu
Configured with: ../src/configure -v --enable-languages=c,c++,java,f95,objc,ada,treelang --prefix=/usr --enable-shared --with-system-zlib --libexecdir=/usr/lib --without-included-gettext --enable-threads=posix --enable-nls --program-suffix=-4.0 --enable-__cxa_atexit --enable-clocale=gnu --enable-libstdcxx-debug --enable-java-awt=gtk-default --enable-gtk-cairo --with-java-home=/usr/lib/jvm/java-1.4.2-gcj-4.0-1.4.2.0/jre --enable-mpfr --disable-werror --with-tune=pentium4 --enable-checking=release i486-linux-gnu
Thread model: posix
gcc version 4.0.3 (Ubuntu 4.0.3-1ubuntu5)
configure:3370: $? = 0
configure:3372: gcc -V </dev/null >&5
gcc: '-V' option must have argument
configure:3375: $? = 1
configure:3378: checking whether we are using the GNU C compiler
configure:3433: result: yes
configure:3439: checking whether gcc accepts -g
configure:3489: result: yes
configure:3506: checking for gcc option to accept ANSI C
configure:3612: result: none needed
configure:3630: gcc -c -g -O2  conftest.c >&5
conftest.c:2: error: syntax error before 'me'
configure:3636: $? = 1
configure: failed program was:
| #ifndef __cplusplus
|   choke me
| #endif
configure:3768: checking dependency style of gcc
configure:3858: result: gcc3
configure:3921: checking for gcc
configure:3947: result: gcc
configure:4191: checking for C compiler version
configure:4194: gcc --version </dev/null >&5
gcc (GCC) 4.0.3 (Ubuntu 4.0.3-1ubuntu5)
Copyright (C) 2006 Free Software Foundation, Inc.
This is free software; see the source for copying conditions.  There is NO
warranty; not even for MERCHANTABILITY or FITNESS FOR A PARTICULAR PURPOSE.

configure:4197: $? = 0
configure:4199: gcc -v </dev/null >&5
Using built-in specs.
Target: i486-linux-gnu
Configured with: ../src/configure -v --enable-languages=c,c++,java,f95,objc,ada,treelang --prefix=/usr --enable-shared --with-system-zlib --libexecdir=/usr/lib --without-included-gettext --enable-threads=posix --enable-nls --program-suffix=-4.0 --enable-__cxa_atexit --enable-clocale=gnu --enable-libstdcxx-debug --enable-java-awt=gtk-default --enable-gtk-cairo --with-java-home=/usr/lib/jvm/java-1.4.2-gcj-4.0-1.4.2.0/jre --enable-mpfr --disable-werror --with-tune=pentium4 --enable-checking=release i486-linux-gnu
Thread model: posix
gcc version 4.0.3 (Ubuntu 4.0.3-1ubuntu5)
configure:4202: $? = 0
configure:4204: gcc -V </dev/null >&5
gcc: '-V' option must have argument
configure:4207: $? = 1
configure:4210: checking whether we are using the GNU C compiler
configure:4265: result: yes
configure:4271: checking whether gcc accepts -g
configure:4321: result: yes
configure:4338: checking for gcc option to accept ANSI C
configure:4444: result: none needed
configure:4462: gcc -c -g -O2  conftest.c >&5
conftest.c:2: error: syntax error before 'me'
configure:4468: $? = 1
configure: failed program was:
| #ifndef __cplusplus
|   choke me
| #endif
configure:4600: checking dependency style of gcc
configure:4690: result: gcc3
configure:4715: checking how to run the C preprocessor
configure:4750: gcc -E  conftest.c
configure:4756: $? = 0
configure:4788: gcc -E  conftest.c
conftest.c:12:28: error: ac_nonexistent.h: No such file or directory
configure:4794: $? = 1
configure: failed program was:
| /* confdefs.h.  */
| 
| #define PACKAGE_NAME "superswitcher"
| #define PACKAGE_TARNAME "superswitcher"
| #define PACKAGE_VERSION "0.3"
| #define PACKAGE_STRING "superswitcher 0.3"
| #define PACKAGE_BUGREPORT "http://browserbookapp.sourceforge.net/superswitcher/"
| #define PACKAGE "superswitcher"
| #define VERSION "0.3"
| #define GETTEXT_PACKAGE "superswitcher"
| /* end confdefs.h.  */
| #include <ac_nonexistent.h>
configure:4833: result: gcc -E
configure:4857: gcc -E  conftest.c
configure:4863: $? = 0
configure:4895: gcc -E  conftest.c
conftest.c:12:28: error: ac_nonexistent.h: No such file or directory
configure:4901: $? = 1
configure: failed program was:
| /* confdefs.h.  */
| 
| #define PACKAGE_NAME "superswitcher"
| #define PACKAGE_TARNAME "superswitcher"
| #define PACKAGE_VERSION "0.3"
| #define PACKAGE_STRING "superswitcher 0.3"
| #define PACKAGE_BUGREPORT "http://browserbookapp.sourceforge.net/superswitcher/"
| #define PACKAGE "superswitcher"
| #define VERSION "0.3"
| #define GETTEXT_PACKAGE "superswitcher"
| /* end confdefs.h.  */
| #include <ac_nonexistent.h>
configure:4945: checking for egrep
configure:4955: result: grep -E
configure:4960: checking for ANSI C header files
configure:4985: gcc -c -g -O2  conftest.c >&5
configure:4991: $? = 0
configure:4994: test -z 			 || test ! -s conftest.err
configure:4997: $? = 0
configure:5000: test -s conftest.o
configure:5003: $? = 0
configure:5092: gcc -o conftest -g -O2   conftest.c  >&5
conftest.c: In function 'main':
conftest.c:29: warning: incompatible implicit declaration of built-in function 'exit'
configure:5095: $? = 0
configure:5097: ./conftest
configure:5100: $? = 0
configure:5115: result: yes
configure:5226: checking what warning flags to pass to the C compiler
configure:5228: result: -Wall -Wmissing-prototypes
configure:5239: checking what language compliance flags to pass to the C compiler
configure:5254: result: 
configure:5273: checking for intltool >= 0.20
configure:5280: result: 0.35.0 found
configure:5336: checking for perl
configure:5354: found /usr/bin/perl
configure:5366: result: /usr/bin/perl
configure:5384: checking for XML::Parser
configure:5387: result: ok
configure:5398: checking for iconv
configure:5416: found /usr/bin/iconv
configure:5429: result: /usr/bin/iconv
configure:5438: checking for msgfmt
configure:5456: found /usr/bin/msgfmt
configure:5469: result: /usr/bin/msgfmt
configure:5478: checking for msgmerge
configure:5496: found /usr/bin/msgmerge
configure:5509: result: /usr/bin/msgmerge
configure:5518: checking for xgettext
configure:5536: found /usr/bin/xgettext
configure:5549: result: /usr/bin/xgettext
configure:5582: checking for sys/types.h
configure:5598: gcc -c -g -O2  conftest.c >&5
configure:5604: $? = 0
configure:5607: test -z 			 || test ! -s conftest.err
configure:5610: $? = 0
configure:5613: test -s conftest.o
configure:5616: $? = 0
configure:5627: result: yes
configure:5582: checking for sys/stat.h
configure:5598: gcc -c -g -O2  conftest.c >&5
configure:5604: $? = 0
configure:5607: test -z 			 || test ! -s conftest.err
configure:5610: $? = 0
configure:5613: test -s conftest.o
configure:5616: $? = 0
configure:5627: result: yes
configure:5582: checking for stdlib.h
configure:5598: gcc -c -g -O2  conftest.c >&5
configure:5604: $? = 0
configure:5607: test -z 			 || test ! -s conftest.err
configure:5610: $? = 0
configure:5613: test -s conftest.o
configure:5616: $? = 0
configure:5627: result: yes
configure:5582: checking for string.h
configure:5598: gcc -c -g -O2  conftest.c >&5
configure:5604: $? = 0
configure:5607: test -z 			 || test ! -s conftest.err
configure:5610: $? = 0
configure:5613: test -s conftest.o
configure:5616: $? = 0
configure:5627: result: yes
configure:5582: checking for memory.h
configure:5598: gcc -c -g -O2  conftest.c >&5
configure:5604: $? = 0
configure:5607: test -z 			 || test ! -s conftest.err
configure:5610: $? = 0
configure:5613: test -s conftest.o
configure:5616: $? = 0
configure:5627: result: yes
configure:5582: checking for strings.h
configure:5598: gcc -c -g -O2  conftest.c >&5
configure:5604: $? = 0
configure:5607: test -z 			 || test ! -s conftest.err
configure:5610: $? = 0
configure:5613: test -s conftest.o
configure:5616: $? = 0
configure:5627: result: yes
configure:5582: checking for inttypes.h
configure:5598: gcc -c -g -O2  conftest.c >&5
configure:5604: $? = 0
configure:5607: test -z 			 || test ! -s conftest.err
configure:5610: $? = 0
configure:5613: test -s conftest.o
configure:5616: $? = 0
configure:5627: result: yes
configure:5582: checking for stdint.h
configure:5598: gcc -c -g -O2  conftest.c >&5
configure:5604: $? = 0
configure:5607: test -z 			 || test ! -s conftest.err
configure:5610: $? = 0
configure:5613: test -s conftest.o
configure:5616: $? = 0
configure:5627: result: yes
configure:5582: checking for unistd.h
configure:5598: gcc -c -g -O2  conftest.c >&5
configure:5604: $? = 0
configure:5607: test -z 			 || test ! -s conftest.err
configure:5610: $? = 0
configure:5613: test -s conftest.o
configure:5616: $? = 0
configure:5627: result: yes
configure:5654: checking locale.h usability
configure:5666: gcc -c -g -O2  conftest.c >&5
configure:5672: $? = 0
configure:5675: test -z 			 || test ! -s conftest.err
configure:5678: $? = 0
configure:5681: test -s conftest.o
configure:5684: $? = 0
configure:5694: result: yes
configure:5698: checking locale.h presence
configure:5708: gcc -E  conftest.c
configure:5714: $? = 0
configure:5734: result: yes
configure:5769: checking for locale.h
configure:5776: result: yes
configure:5790: checking for LC_MESSAGES
configure:5811: gcc -o conftest -g -O2   conftest.c  >&5
configure:5817: $? = 0
configure:5820: test -z 			 || test ! -s conftest.err
configure:5823: $? = 0
configure:5826: test -s conftest
configure:5829: $? = 0
configure:5841: result: yes
configure:5870: checking libintl.h usability
configure:5882: gcc -c -g -O2  conftest.c >&5
configure:5888: $? = 0
configure:5891: test -z 			 || test ! -s conftest.err
configure:5894: $? = 0
configure:5897: test -s conftest.o
configure:5900: $? = 0
configure:5910: result: yes
configure:5914: checking libintl.h presence
configure:5924: gcc -E  conftest.c
configure:5930: $? = 0
configure:5950: result: yes
configure:5985: checking for libintl.h
configure:5992: result: yes
configure:6003: checking for ngettext in libc
configure:6026: gcc -o conftest -g -O2   conftest.c  >&5
configure:6032: $? = 0
configure:6035: test -z 			 || test ! -s conftest.err
configure:6038: $? = 0
configure:6041: test -s conftest
configure:6044: $? = 0
configure:6057: result: yes
configure:6061: checking for dgettext in libc
configure:6084: gcc -o conftest -g -O2   conftest.c  >&5
configure:6090: $? = 0
configure:6093: test -z 			 || test ! -s conftest.err
configure:6096: $? = 0
configure:6099: test -s conftest
configure:6102: $? = 0
configure:6115: result: yes
configure:6124: checking for bind_textdomain_codeset
configure:6181: gcc -o conftest -g -O2   conftest.c  >&5
configure:6187: $? = 0
configure:6190: test -z 			 || test ! -s conftest.err
configure:6193: $? = 0
configure:6196: test -s conftest
configure:6199: $? = 0
configure:6211: result: yes
configure:6715: checking for msgfmt
configure:6742: result: /usr/bin/msgfmt
configure:6755: checking for dcgettext
configure:6812: gcc -o conftest -g -O2   conftest.c   >&5
conftest.c:50: warning: conflicting types for built-in function 'dcgettext'
configure:6818: $? = 0
configure:6821: test -z 			 || test ! -s conftest.err
configure:6824: $? = 0
configure:6827: test -s conftest
configure:6830: $? = 0
configure:6842: result: yes
configure:6854: checking for gmsgfmt
configure:6885: result: /usr/bin/msgfmt
configure:6894: checking for xgettext
configure:6921: result: /usr/bin/xgettext
configure:6945: gcc -o conftest -g -O2   conftest.c   >&5
configure:6951: $? = 0
configure:6954: test -z 			 || test ! -s conftest.err
configure:6957: $? = 0
configure:6960: test -s conftest
configure:6963: $? = 0
configure:7242: checking for pkg-config
configure:7260: found /usr/bin/pkg-config
configure:7272: result: /usr/bin/pkg-config
configure:7287: checking pkg-config is at least version 0.9.0
configure:7290: result: yes
configure:7301: checking for SUPERSWITCHER
configure:7313: $PKG_CONFIG --exists --print-errors "glib-2.0
  gdk-2.0
  gtk+-2.0 >= 2.6
  libwnck-1.0 >= 2.10
  x11"
configure:7320: $? = 0
configure:7343: $PKG_CONFIG --exists --print-errors "glib-2.0
  gdk-2.0
  gtk+-2.0 >= 2.6
  libwnck-1.0 >= 2.10
  x11"
configure:7350: $? = 0
configure:7446: result: yes
configure:7457: checking for X
configure:7563: gcc -E  conftest.c
configure:7569: $? = 0
configure:7691: result: libraries /usr/X11R6/lib, headers in standard search path
configure:7862: gcc -o conftest -g -O2   conftest.c   -L/usr/X11R6/lib -lX11 >&5
configure:7868: $? = 0
configure:7871: test -z 			 || test ! -s conftest.err
configure:7874: $? = 0
configure:7877: test -s conftest
configure:7880: $? = 0
configure:8036: checking for gethostbyname
configure:8093: gcc -o conftest -g -O2   conftest.c  >&5
configure:8099: $? = 0
configure:8102: test -z 			 || test ! -s conftest.err
configure:8105: $? = 0
configure:8108: test -s conftest
configure:8111: $? = 0
configure:8123: result: yes
configure:8272: checking for connect
configure:8329: gcc -o conftest -g -O2   conftest.c  >&5
configure:8335: $? = 0
configure:8338: test -z 			 || test ! -s conftest.err
configure:8341: $? = 0
configure:8344: test -s conftest
configure:8347: $? = 0
configure:8359: result: yes
configure:8433: checking for remove
configure:8490: gcc -o conftest -g -O2   conftest.c  >&5
configure:8496: $? = 0
configure:8499: test -z 			 || test ! -s conftest.err
configure:8502: $? = 0
configure:8505: test -s conftest
configure:8508: $? = 0
configure:8520: result: yes
configure:8594: checking for shmat
configure:8651: gcc -o conftest -g -O2   conftest.c  >&5
configure:8657: $? = 0
configure:8660: test -z 			 || test ! -s conftest.err
configure:8663: $? = 0
configure:8666: test -s conftest
configure:8669: $? = 0
configure:8681: result: yes
configure:8764: checking for IceConnectionNumber in -lICE
configure:8794: gcc -o conftest -g -O2   -L/usr/X11R6/lib conftest.c -lICE   >&5
configure:8800: $? = 0
configure:8803: test -z 			 || test ! -s conftest.err
configure:8806: $? = 0
configure:8809: test -s conftest
configure:8812: $? = 0
configure:8825: result: yes
configure:8848: checking X11/extensions/Xinerama.h usability
configure:8860: gcc -c -g -O2  conftest.c >&5
configure:8866: $? = 0
configure:8869: test -z 			 || test ! -s conftest.err
configure:8872: $? = 0
configure:8875: test -s conftest.o
configure:8878: $? = 0
configure:8888: result: yes
configure:8892: checking X11/extensions/Xinerama.h presence
configure:8902: gcc -E  conftest.c
configure:8908: $? = 0
configure:8928: result: yes
configure:8963: checking for X11/extensions/Xinerama.h
configure:8970: result: yes
configure:9182: creating ./config.status

## ---------------------- ##
## Running config.status. ##
## ---------------------- ##

This file was extended by superswitcher config.status 0.3, which was
generated by GNU Autoconf 2.59.  Invocation command line was

  CONFIG_FILES    = 
  CONFIG_HEADERS  = 
  CONFIG_LINKS    = 
  CONFIG_COMMANDS = 
  $ ./config.status 

on monolith

config.status:786: creating Makefile
config.status:786: creating src/Makefile
config.status:786: creating po/Makefile.in
config.status:931: executing depfiles commands
config.status:931: executing intltool commands
config.status:931: executing default-1 commands
config.status:931: executing po/stamp-it commands

## ---------------- ##
## Cache variables. ##
## ---------------- ##

ac_cv_c_compiler_gnu=yes
ac_cv_env_CC_set=
ac_cv_env_CC_value=
ac_cv_env_CFLAGS_set=
ac_cv_env_CFLAGS_value=
ac_cv_env_CPPFLAGS_set=
ac_cv_env_CPPFLAGS_value=
ac_cv_env_CPP_set=
ac_cv_env_CPP_value=
ac_cv_env_LDFLAGS_set=
ac_cv_env_LDFLAGS_value=
ac_cv_env_PKG_CONFIG_set=
ac_cv_env_PKG_CONFIG_value=
ac_cv_env_SUPERSWITCHER_CFLAGS_set=
ac_cv_env_SUPERSWITCHER_CFLAGS_value=
ac_cv_env_SUPERSWITCHER_LIBS_set=
ac_cv_env_SUPERSWITCHER_LIBS_value=
ac_cv_env_build_alias_set=
ac_cv_env_build_alias_value=
ac_cv_env_host_alias_set=
ac_cv_env_host_alias_value=
ac_cv_env_target_alias_set=
ac_cv_env_target_alias_value=
ac_cv_exeext=
ac_cv_func_bind_textdomain_codeset=yes
ac_cv_func_connect=yes
ac_cv_func_dcgettext=yes
ac_cv_func_gethostbyname=yes
ac_cv_func_remove=yes
ac_cv_func_shmat=yes
ac_cv_have_x='have_x=yes 		ac_x_includes= ac_x_libraries=/usr/X11R6/lib'
ac_cv_header_X11_extensions_Xinerama_h=yes
ac_cv_header_inttypes_h=yes
ac_cv_header_libintl_h=yes
ac_cv_header_locale_h=yes
ac_cv_header_memory_h=yes
ac_cv_header_stdc=yes
ac_cv_header_stdint_h=yes
ac_cv_header_stdlib_h=yes
ac_cv_header_string_h=yes
ac_cv_header_strings_h=yes
ac_cv_header_sys_stat_h=yes
ac_cv_header_sys_types_h=yes
ac_cv_header_unistd_h=yes
ac_cv_lib_ICE_IceConnectionNumber=yes
ac_cv_objext=o
ac_cv_path_GMSGFMT=/usr/bin/msgfmt
ac_cv_path_INTLTOOL_ICONV=/usr/bin/iconv
ac_cv_path_INTLTOOL_MSGFMT=/usr/bin/msgfmt
ac_cv_path_INTLTOOL_MSGMERGE=/usr/bin/msgmerge
ac_cv_path_INTLTOOL_PERL=/usr/bin/perl
ac_cv_path_INTLTOOL_XGETTEXT=/usr/bin/xgettext
ac_cv_path_MSGFMT=/usr/bin/msgfmt
ac_cv_path_XGETTEXT=/usr/bin/xgettext
ac_cv_path_ac_pt_PKG_CONFIG=/usr/bin/pkg-config
ac_cv_path_install='/usr/bin/install -c'
ac_cv_prog_AWK=mawk
ac_cv_prog_CPP='gcc -E'
ac_cv_prog_ac_ct_CC=gcc
ac_cv_prog_cc_g=yes
ac_cv_prog_cc_stdc=
ac_cv_prog_egrep='grep -E'
ac_cv_prog_make_make_set=yes
ac_cv_search_strerror='none required'
am_cv_CC_dependencies_compiler_type=gcc3
am_cv_prog_cc_stdc=
am_cv_val_LC_MESSAGES=yes
gt_cv_func_dgettext_libc=yes
gt_cv_func_dgettext_libintl=no
gt_cv_func_ngettext_libc=yes
gt_cv_have_gettext=yes
pkg_cv_SUPERSWITCHER_CFLAGS='-I/usr/include/glib-2.0 -I/usr/lib/glib-2.0/include -I/usr/include/gtk-2.0 -I/usr/lib/gtk-2.0/include -I/usr/include/pango-1.0 -I/usr/include/cairo -I/usr/include/atk-1.0 -I/usr/include/libwnck-1.0  '
pkg_cv_SUPERSWITCHER_LIBS='-lwnck-1 -lgtk-x11-2.0 -lgdk-x11-2.0 -latk-1.0 -lgdk_pixbuf-2.0 -lm -lpangocairo-1.0 -lfontconfig -lXext -lXrender -lXinerama -lXi -lXrandr -lXcursor -lXfixes -lpango-1.0 -lcairo -lgobject-2.0 -lgmodule-2.0 -ldl -lglib-2.0 -lX11  '

## ----------------- ##
## Output variables. ##
## ----------------- ##

ACLOCAL='${SHELL} /home/nasty/devel/superswitcher-svn/missing --run aclocal-1.9 '
ALL_LINGUAS=''
AMDEPBACKSLASH='\'
AMDEP_FALSE='#'
AMDEP_TRUE=''
AMTAR='${SHELL} /home/nasty/devel/superswitcher-svn/missing --run tar'
AUTOCONF='${SHELL} /home/nasty/devel/superswitcher-svn/missing --run autoconf'
AUTOHEADER='${SHELL} /home/nasty/devel/superswitcher-svn/missing --run autoheader'
AUTOMAKE='${SHELL} /home/nasty/devel/superswitcher-svn/missing --run automake-1.9'
AWK='mawk'
CATALOGS=''
CATOBJEXT='.gmo'
CC='gcc'
CCDEPMODE='depmode=gcc3'
CFLAGS='-g -O2'
CPP='gcc -E'
CPPFLAGS=''
CYGPATH_W='echo'
DATADIRNAME='share'
DEFS='-DPACKAGE_NAME=\"superswitcher\" -DPACKAGE_TARNAME=\"superswitcher\" -DPACKAGE_VERSION=\"0.3\" -DPACKAGE_STRING=\"superswitcher\ 0.3\" -DPACKAGE_BUGREPORT=\"http://browserbookapp.sourceforge.net/superswitcher/\" -DPACKAGE=\"superswitcher\" -DVERSION=\"0.3\" -DGETTEXT_PACKAGE=\"superswitcher\" -DSTDC_HEADERS=1 -DHAVE_SYS_TYPES_H=1 -DHAVE_SYS_STAT_H=1 -DHAVE_STDLIB_H=1 -DHAVE_STRING_H=1 -DHAVE_MEMORY_H=1 -DHAVE_STRINGS_H=1 -DHAVE_INTTYPES_H=1 -DHAVE_STDINT_H=1 -DHAVE_UNISTD_H=1 -DHAVE_LOCALE_H=1 -DHAVE_LC_MESSAGES=1 -DHAVE_BIND_TEXTDOMAIN_CODESET=1 -DHAVE_GETTEXT=1 -DHAVE_DCGETTEXT=1 -DENABLE_NLS=1 -DHAVE_XINERAMA= -DHAVE_GTK_2_8= -DHAVE_WNCK_2_12= '
DEPDIR='.deps'
ECHO_C=''
ECHO_N='-n'
ECHO_T=''
EGREP='grep -E'
EXEEXT=''
GETTEXT_PACKAGE='superswitcher'
GMOFILES=''
GMSGFMT='/usr/bin/msgfmt'
INSTALL_DATA='${INSTALL} -m 644'
INSTALL_PROGRAM='${INSTALL}'
INSTALL_SCRIPT='${INSTALL}'
INSTALL_STRIP_PROGRAM='${SHELL} $(install_sh) -c -s'
INSTOBJEXT='.mo'
INTLLIBS=''
INTLTOOL_CAVES_RULE='%.caves:     %.caves.in     $(INTLTOOL_MERGE) $(wildcard $(top_srcdir)/po/*.po) ; LC_ALL=C $(INTLTOOL_MERGE) -d -u -c $(top_builddir)/po/.intltool-merge-cache $(top_srcdir)/po $< $@'
INTLTOOL_DESKTOP_RULE='%.desktop:   %.desktop.in   $(INTLTOOL_MERGE) $(wildcard $(top_srcdir)/po/*.po) ; LC_ALL=C $(INTLTOOL_MERGE) -d -u -c $(top_builddir)/po/.intltool-merge-cache $(top_srcdir)/po $< $@'
INTLTOOL_DIRECTORY_RULE='%.directory: %.directory.in $(INTLTOOL_MERGE) $(wildcard $(top_srcdir)/po/*.po) ; LC_ALL=C $(INTLTOOL_MERGE) -d -u -c $(top_builddir)/po/.intltool-merge-cache $(top_srcdir)/po $< $@'
INTLTOOL_EXTRACT='$(top_builddir)/intltool-extract'
INTLTOOL_ICONV='/usr/bin/iconv'
INTLTOOL_KBD_RULE='%.kbd:       %.kbd.in       $(INTLTOOL_MERGE) $(wildcard $(top_srcdir)/po/*.po) ; LC_ALL=C $(INTLTOOL_MERGE) -x -u -m -c $(top_builddir)/po/.intltool-merge-cache $(top_srcdir)/po $< $@'
INTLTOOL_KEYS_RULE='%.keys:      %.keys.in      $(INTLTOOL_MERGE) $(wildcard $(top_srcdir)/po/*.po) ; LC_ALL=C $(INTLTOOL_MERGE) -k -u -c $(top_builddir)/po/.intltool-merge-cache $(top_srcdir)/po $< $@'
INTLTOOL_MERGE='$(top_builddir)/intltool-merge'
INTLTOOL_MSGFMT='/usr/bin/msgfmt'
INTLTOOL_MSGMERGE='/usr/bin/msgmerge'
INTLTOOL_OAF_RULE='%.oaf:       %.oaf.in       $(INTLTOOL_MERGE) $(wildcard $(top_srcdir)/po/*.po) ; LC_ALL=C $(INTLTOOL_MERGE) -o -p $(top_srcdir)/po $< $@'
INTLTOOL_PERL='/usr/bin/perl'
INTLTOOL_PONG_RULE='%.pong:      %.pong.in      $(INTLTOOL_MERGE) $(wildcard $(top_srcdir)/po/*.po) ; LC_ALL=C $(INTLTOOL_MERGE) -x -u -c $(top_builddir)/po/.intltool-merge-cache $(top_srcdir)/po $< $@'
INTLTOOL_PROP_RULE='%.prop:      %.prop.in      $(INTLTOOL_MERGE) $(wildcard $(top_srcdir)/po/*.po) ; LC_ALL=C $(INTLTOOL_MERGE) -d -u -c $(top_builddir)/po/.intltool-merge-cache $(top_srcdir)/po $< $@'
INTLTOOL_SCHEMAS_RULE='%.schemas:   %.schemas.in   $(INTLTOOL_MERGE) $(wildcard $(top_srcdir)/po/*.po) ; LC_ALL=C $(INTLTOOL_MERGE) -s -u -c $(top_builddir)/po/.intltool-merge-cache $(top_srcdir)/po $< $@'
INTLTOOL_SERVER_RULE='%.server:    %.server.in    $(INTLTOOL_MERGE) $(wildcard $(top_srcdir)/po/*.po) ; LC_ALL=C $(INTLTOOL_MERGE) -o -u -c $(top_builddir)/po/.intltool-merge-cache $(top_srcdir)/po $< $@'
INTLTOOL_SERVICE_RULE='%.service: %.service.in   $(INTLTOOL_MERGE) $(wildcard $(top_srcdir)/po/*.po) ; LC_ALL=C $(INTLTOOL_MERGE) -d -u -c $(top_builddir)/po/.intltool-merge-cache $(top_srcdir)/po $< $@'
INTLTOOL_SHEET_RULE='%.sheet:     %.sheet.in     $(INTLTOOL_MERGE) $(wildcard $(top_srcdir)/po/*.po) ; LC_ALL=C $(INTLTOOL_MERGE) -x -u -c $(top_builddir)/po/.intltool-merge-cache $(top_srcdir)/po $< $@'
INTLTOOL_SOUNDLIST_RULE='%.soundlist: %.soundlist.in $(INTLTOOL_MERGE) $(wildcard $(top_srcdir)/po/*.po) ; LC_ALL=C $(INTLTOOL_MERGE) -d -u -c $(top_builddir)/po/.intltool-merge-cache $(top_srcdir)/po $< $@'
INTLTOOL_THEME_RULE='%.theme:     %.theme.in     $(INTLTOOL_MERGE) $(wildcard $(top_srcdir)/po/*.po) ; LC_ALL=C $(INTLTOOL_MERGE) -d -u -c $(top_builddir)/po/.intltool-merge-cache $(top_srcdir)/po $< $@'
INTLTOOL_UI_RULE='%.ui:        %.ui.in        $(INTLTOOL_MERGE) $(wildcard $(top_srcdir)/po/*.po) ; LC_ALL=C $(INTLTOOL_MERGE) -x -u -c $(top_builddir)/po/.intltool-merge-cache $(top_srcdir)/po $< $@'
INTLTOOL_UPDATE='$(top_builddir)/intltool-update'
INTLTOOL_XAM_RULE='%.xam:       %.xml.in       $(INTLTOOL_MERGE) $(wildcard $(top_srcdir)/po/*.po) ; LC_ALL=C $(INTLTOOL_MERGE) -x -u -c $(top_builddir)/po/.intltool-merge-cache $(top_srcdir)/po $< $@'
INTLTOOL_XGETTEXT='/usr/bin/xgettext'
INTLTOOL_XML_NOMERGE_RULE='%.xml:       %.xml.in       $(INTLTOOL_MERGE) ; LC_ALL=C $(INTLTOOL_MERGE) -x -u /tmp $< $@'
INTLTOOL_XML_RULE='%.xml:       %.xml.in       $(INTLTOOL_MERGE) $(wildcard $(top_srcdir)/po/*.po) ; LC_ALL=C $(INTLTOOL_MERGE) -x -u -c $(top_builddir)/po/.intltool-merge-cache $(top_srcdir)/po $< $@'
LDFLAGS=''
LIBOBJS=''
LIBS=''
LTLIBOBJS=''
MAINT=''
MAINTAINER_MODE_FALSE='#'
MAINTAINER_MODE_TRUE=''
MAKEINFO='${SHELL} /home/nasty/devel/superswitcher-svn/missing --run makeinfo'
MKINSTALLDIRS='./mkinstalldirs'
MSGFMT='/usr/bin/msgfmt'
OBJEXT='o'
PACKAGE='superswitcher'
PACKAGE_BUGREPORT='http://browserbookapp.sourceforge.net/superswitcher/'
PACKAGE_NAME='superswitcher'
PACKAGE_STRING='superswitcher 0.3'
PACKAGE_TARNAME='superswitcher'
PACKAGE_VERSION='0.3'
PATH_SEPARATOR=':'
PKG_CONFIG='/usr/bin/pkg-config'
POFILES=''
POSUB='po'
PO_IN_DATADIR_FALSE=''
PO_IN_DATADIR_TRUE=''
SET_MAKE=''
SHELL='/bin/sh'
STRIP=''
SUPERSWITCHER_CFLAGS='-I/usr/include/glib-2.0 -I/usr/lib/glib-2.0/include -I/usr/include/gtk-2.0 -I/usr/lib/gtk-2.0/include -I/usr/include/pango-1.0 -I/usr/include/cairo -I/usr/include/atk-1.0 -I/usr/include/libwnck-1.0   '
SUPERSWITCHER_LIBS='-lwnck-1 -lgtk-x11-2.0 -lgdk-x11-2.0 -latk-1.0 -lgdk_pixbuf-2.0 -lm -lpangocairo-1.0 -lfontconfig -lXext -lXrender -lXinerama -lXi -lXrandr -lXcursor -lXfixes -lpango-1.0 -lcairo -lgobject-2.0 -lgmodule-2.0 -ldl -lglib-2.0 -lX11    -L/usr/X11R6/lib -lXinerama'
USE_NLS='yes'
VERSION='0.3'
WARN_CFLAGS='-Wall -Wmissing-prototypes '
XGETTEXT='/usr/bin/xgettext'
X_CFLAGS=''
X_EXTRA_LIBS=''
X_LIBS=' -L/usr/X11R6/lib'
X_PRE_LIBS=' -lSM -lICE'
ac_ct_CC='gcc'
ac_ct_STRIP=''
ac_pt_PKG_CONFIG='/usr/bin/pkg-config'
am__fastdepCC_FALSE='#'
am__fastdepCC_TRUE=''
am__include='include'
am__leading_dot='.'
am__quote=''
am__tar='${AMTAR} chof - "$$tardir"'
am__untar='${AMTAR} xf -'
bindir='${exec_prefix}/bin'
build_alias=''
datadir='${prefix}/share'
exec_prefix='${prefix}'
host_alias=''
includedir='${prefix}/include'
infodir='${prefix}/info'
install_sh='/home/nasty/devel/superswitcher-svn/install-sh'
libdir='${exec_prefix}/lib'
libexecdir='${exec_prefix}/libexec'
localstatedir='${prefix}/var'
mandir='${prefix}/man'
mkdir_p='mkdir -p --'
oldincludedir='/usr/include'
prefix='/usr'
program_transform_name='s,x,x,'
sbindir='${exec_prefix}/sbin'
sharedstatedir='${prefix}/com'
sysconfdir='${prefix}/etc'
target_alias=''

## ----------- ##
## confdefs.h. ##
## ----------- ##

#define ENABLE_NLS 1
#define GETTEXT_PACKAGE "superswitcher"
#define HAVE_BIND_TEXTDOMAIN_CODESET 1
#define HAVE_DCGETTEXT 1
#define HAVE_GETTEXT 1
#define HAVE_GTK_2_8
#define HAVE_INTTYPES_H 1
#define HAVE_LC_MESSAGES 1
#define HAVE_LOCALE_H 1
#define HAVE_MEMORY_H 1
#define HAVE_STDINT_H 1
#define HAVE_STDLIB_H 1
#define HAVE_STRINGS_H 1
#define HAVE_STRING_H 1
#define HAVE_SYS_STAT_H 1
#define HAVE_SYS_TYPES_H 1
#define HAVE_UNISTD_H 1
#define HAVE_WNCK_2_12
#define HAVE_XINERAMA
#define PACKAGE "superswitcher"
#define PACKAGE_BUGREPORT "http://browserbookapp.sourceforge.net/superswitcher/"
#define PACKAGE_NAME "superswitcher"
#define PACKAGE_STRING "superswitcher 0.3"
#define PACKAGE_TARNAME "superswitcher"
#define PACKAGE_VERSION "0.3"
#define STDC_HEADERS 1
#define VERSION "0.3"

configure: exit 0
